<?xml version="1.0" encoding="UTF-8"?>
<!-- Generated by org.testng.reporters.JUnitReportReporter -->
<testsuite hostname="LAPTOP-FTFH3V8C" failures="0" tests="1" name="testNG.TestScript" time="0.015" errors="0" timestamp="2019-11-05T12:53:07 IST" skipped="0">
  <testcase classname="testNG.TestScript" name="findNumberofRows" time="0.015"/>
</testsuite> <!-- testNG.TestScript -->
