<?xml version="1.0" encoding="UTF-8"?>
<!-- Generated by org.testng.reporters.JUnitReportReporter -->
<testsuite hostname="LAPTOP-FTFH3V8C" failures="0" tests="7" name="testNG.TestScript" time="0.015" errors="0" timestamp="2019-11-07T14:51:01 IST" skipped="0">
  <testcase classname="testNG.TestScript" name="prebooking" time="0.000"/>
  <testcase classname="testNG.TestScript" name="BookAticket" time="0.015"/>
  <testcase classname="testNG.TestScript" name="prebooking" time="0.000"/>
  <testcase classname="testNG.TestScript" name="prebooking" time="0.000"/>
  <testcase classname="testNG.TestScript" name="Cancleticket" time="0.000"/>
  <testcase classname="testNG.TestScript" name="prebooking" time="0.000"/>
  <testcase classname="testNG.TestScript" name="prebooking" time="0.000"/>
</testsuite> <!-- testNG.TestScript -->
