<?xml version="1.0" encoding="UTF-8"?>
<!-- Generated by org.testng.reporters.JUnitReportReporter -->
<testsuite hostname="LAPTOP-FTFH3V8C" failures="0" tests="1" name="cucumber.testrunner" time="0.469" errors="0" timestamp="2019-11-09T17:04:16 IST" skipped="1">
  <testcase classname="cucumber.testrunner" name="runScenario" time="0.469">
    <skipped/>
  </testcase> <!-- runScenario -->
</testsuite> <!-- cucumber.testrunner -->
