<?xml version="1.0" encoding="UTF-8"?>
<!-- Generated by org.testng.reporters.JUnitReportReporter -->
<testsuite hostname="LAPTOP-FTFH3V8C" failures="0" tests="3" name="testNG.test2" time="46.265" errors="0" timestamp="2019-11-07T15:18:25 IST" skipped="0">
  <testcase classname="testNG.test2" name="login" time="41.681"/>
  <testcase classname="testNG.test2" name="bookATicket" time="3.339"/>
  <testcase classname="testNG.test2" name="logoff" time="1.245"/>
</testsuite> <!-- testNG.test2 -->
