<?xml version="1.0" encoding="UTF-8"?>
<!-- Generated by org.testng.reporters.JUnitReportReporter -->
<testsuite hostname="LAPTOP-FTFH3V8C" failures="0" tests="1" name="testNG.hardAssert" time="13.735" errors="0" timestamp="2019-11-08T17:13:03 IST" skipped="0">
  <testcase classname="testNG.hardAssert" name="verifytitle" time="13.735"/>
</testsuite> <!-- testNG.hardAssert -->
