<?xml version="1.0" encoding="UTF-8"?>
<!-- Generated by org.testng.reporters.JUnitReportReporter -->
<testsuite hostname="LAPTOP-FTFH3V8C" failures="0" tests="1" name="testNG.test1" time="28.587" errors="0" timestamp="2019-11-07T14:58:18 IST" skipped="0">
  <testcase classname="testNG.test1" name="bookATicket" time="28.587"/>
</testsuite> <!-- testNG.test1 -->
